2020-10-12 08:27:51,463 - qtpyvcp - INFO - Logging to /home/turboss/Proyectos/sg_cnc/linuxcnc/sim.sg_cnc/sim.log
2020-10-12 08:27:51,463 - qtpyvcp - INFO - QtPyVCP Version: v0.3.9+19.g3724b7a62.dirty
2020-10-12 08:27:51,491 - qtpyvcp - DEBUG - Qt Version: 5.11.3
2020-10-12 08:27:51,491 - qtpyvcp - DEBUG - Qt API: QT_API
2020-10-12 08:27:51,491 - qtpyvcp - DEBUG - QtPy Version: 1.9.0
2020-10-12 08:27:51,492 - qtpyvcp - DEBUG - Command line options:
{
    "command_line_args": null, 
    "config_file": "/home/turboss/Proyectos/sg_cnc/linuxcnc/sim.sg_cnc/custom_config.yml", 
    "confirm_exit": false, 
    "develop": false, 
    "fullscreen": true, 
    "help": false, 
    "hide_cursor": false, 
    "hide_menu_bar": true, 
    "hide_status_bar": false, 
    "info": false, 
    "ini": "/home/turboss/Proyectos/sg_cnc/linuxcnc/sim.sg_cnc/sg_cnc.ini", 
    "install_sim": false, 
    "log_file": "/home/turboss/Proyectos/sg_cnc/linuxcnc/sim.sg_cnc/sim.log", 
    "log_level": "DEBUG", 
    "maximize": null, 
    "perfmon": false, 
    "position": "0x0", 
    "qt_api": null, 
    "size": null, 
    "stylesheet": null, 
    "theme": null, 
    "version": false
}
2020-10-12 08:27:51,676 - qtpyvcp.utilities.config_loader - DEBUG - Loading config files: ['/home/turboss/Proyectos/sg_cnc/linuxcnc/sim.sg_cnc/custom_config.yml', '/home/turboss/Proyectos/sg_cnc/sg_cnc/sg/config.yml', '/home/turboss/Proyectos/qtpyvcp/qtpyvcp/yaml_lib/default_config.yml']
2020-10-12 08:27:52,055 - qtpyvcp.utilities.config_loader - DEBUG - Merged YAML config:

default_menubar: &id001
- title: File
  items:
  - title: '&Open ...'
    action: win.openFile
    shortcut: ctrl+o
  - title: '&Recent Files'
    provider: qtpyvcp.widgets.recent_files_menu:RecentFilesMenu
  - title: '&Reload'
    action: program.reload
  - title: '&Close'
    action: program.clear
  - title: Save &As
    action: null
  - separator
  - title: Edit ToolTable
    action: win.showDialog
    args:
    - tool_edit
  - separator
  - title: Exit
    action: app.exit
    shortcut: ctrl+q
- title: Machine
  items:
  - title: Toggle E-Stop
    action: machine.estop.toggle
    shortcut: F1
  - title: Toggle Power
    action: machine.power.toggle
    shortcut: F2
  - separator
  - title: Run Program
    action: program.run
    shortcut: R
  - title: Step
    action: program.step
    shortcut: T
  - title: Pause
    action: program.pause
    shortcut: P
  - title: Resume
    action: program.resume
    shortcut: R
  - title: Abort
    action: program.abort
    shortcut: esc
  - title: Optional Stop
    action: program.optional_stop.toggle
  - title: Optional Skip
    action: program.optional_skip.toggle
  - separator
  - title: Homing
    provider: qtpyvcp.widgets.menus.homing_menu:HomingMenu
  - title: Cooling
    items:
    - title: Flood
      action: coolant.flood.toggle
      shortcut: F7
    - title: Mist
      action: coolant.mist.toggle
      shortcut: F8
  - title: Set Work Offsets
    action: win.showDialog
    args:
    - set_work_offsets
  - separator
  - title: Override Limits
    action: machine.override_limits
- title: Settings
  items:
  - title: Show On-screen Keyboard
    action: settings.virtual-input.enable
- title: View
  items:
  - title: Show Gridlines
    action: settings.backplot.show-grid
  - separator
  - title: Show Machine Bounds
    action: settings.backplot.show-machine-bounds
  - title: Show Machine Labels
    action: settings.backplot.show-machine-labels
  - title: Show Machine Ticks
    action: settings.backplot.show-machine-ticks
  - separator
  - title: Show Program Bounds
    action: settings.backplot.show-program-bounds
  - title: Show Program Labels
    action: settings.backplot.show-program-labels
  - title: Show Program Ticks
    action: settings.backplot.show-program-ticks
  - title: Use Colors per Tool
    action: settings.backplot.multitool-colors
  - separator
  - title: Perspective View
    action: settings.backplot.perspective-view
  - title: View Angle
    action: settings.backplot.view
- title: Tools
  items:
  - title: HAL Meter
    action: tool.halmeter
  - title: HAL Scope
    action: tool.halscope
  - title: HAL Show
    action: tool.halshow
  - title: LCNC Status
    action: tool.status
  - title: Calibration
    action: tool.calibration
  - title: Classicladder PLC
    action: tool.classicladder
  - title: Simulated Probe
    action: tool.simulate_probe
- title: About
  items:
  - title: About QtPyVCP
    action: win.showDialog
    args:
    - about_qtpyvcp
  - title: About Qt
    action: app.aboutQt
vcp:
  name: sg_cnc-sg
  version: v0.0.1
  author: TurBoss
  description: SG CNC Surface Grinder
windows:
  mainwindow:
    provider: sg_cnc.sg.mainwindow:MainWindow
    kwargs:
      menu: *id001
      ui_file: /home/turboss/Proyectos/sg_cnc/sg_cnc/sg/mainwindow.ui
      stylesheet: /home/turboss/Proyectos/sg_cnc/sg_cnc/sg/style.qss
      title: sg_cnc-sg v0.0.1
      confirm_exit: false
data_plugins:
  status:
    provider: qtpyvcp.plugins.status:Status
    kwargs:
      cycle_time: 50
  persistent_data_manager:
    provider: qtpyvcp.plugins.persistent_data_manager:PersistentDataManager
    kwargs:
      serialization_method: pickle
  settings:
    provider: qtpyvcp.plugins.settings:Settings
  position:
    provider: qtpyvcp.plugins.positions:Position
    kwargs:
      report_actual_pos: true
      use_program_units: true
  tooltable:
    provider: qtpyvcp.plugins.tool_table:ToolTable
  offsettable:
    provider: qtpyvcp.plugins.offset_table:OffsetTable
  notifications:
    provider: qtpyvcp.plugins.notifications:Notifications
    kwargs:
      enabled: true
      mode: native
      max_messages: 5
      persistent: true
  file_locations:
    provider: qtpyvcp.plugins.file_locations:FileLocations
    log_level: debug
    kwargs:
      default_location: NC Files
      local_locations:
        Home: ~/
        Desktop: ~/Desktop
        NC Files: ~/linuxcnc/nc_files
      network_locations: null
    exportedhal:
      provider: qtpyvcp.plugins.exported_hal:ExportedHal
  virtual_input:
    provider: qtpyvcp.plugins.virtual_input_manager:VirtualInputManager
dialogs:
  open_file:
    provider: qtpyvcp.widgets.dialogs.open_file_dialog:OpenFileDialog
  set_work_offsets:
    provider: qtpyvcp.widgets.dialogs.offsets_dialog:OffsetsDialog
  tool_edit:
    provider: qtpyvcp.widgets.dialogs.tool_edit_dialog:ToolEditDialog
  probe_sim:
    provider: qtpyvcp.widgets.dialogs.probesim_dialog:ProbeSim
  about_qtpyvcp:
    provider: qtpyvcp.widgets.dialogs.about_dialog:AboutDialog
virtual_input_providers:
  number:
    provider: qtpyvcp.widgets.virtual_input.virtual_input:VirtualInput
    kwargs:
      ui_file: /home/turboss/Proyectos/qtpyvcp/qtpyvcp/yaml_lib/../widgets/virtual_input/numpad.ui
  text:
    provider: qtpyvcp.widgets.virtual_input.virtual_input:VirtualInput
    kwargs:
      ui_file: /home/turboss/Proyectos/qtpyvcp/qtpyvcp/yaml_lib/../widgets/virtual_input/keyboard.ui
application:
  provider: qtpyvcp.app.application:VCPApplication
  kwargs:
    stylesheet: /home/turboss/Proyectos/sg_cnc/sg_cnc/sg/style.qss
    custom_fonts: /home/turboss/Proyectos/sg_cnc/sg_cnc/sg/../common/fonts/
settings:
  touch-probe.diameter-offset:
    default_value: 0.123123
    persistent: true
    min_value: 0
    max_value: 1
  dro.display-units:
    default_value: 0
    options:
    - Auto
    - Inch
    - Metric
  dro.lathe-radius-mode:
    default_value: 0
    options:
    - Auto
    - Radius
    - Diameter
  dro.inch-format:
    default_value: '%9.4f'
    value_type: str
  dro.millimeter-format:
    default_value: '%9.3f'
    value_type: str
  dro.degree-format:
    default_value: '%9.2f'
  backplot.show-grid:
    default_value: false
  backplot.show-program-bounds:
    default_value: false
  backplot.show-program-labels:
    default_value: false
  backplot.show-program-ticks:
    default_value: false
  backplot.show-machine-bounds:
    default_value: false
  backplot.show-machine-labels:
    default_value: false
  backplot.show-machine-ticks:
    default_value: false
  backplot.perspective-view:
    default_value: true
  backplot.view:
    default_value: 0
    options:
    - 'X: Front View'
    - 'XZ: Lathe View'
    - 'XZ2: Lathe View'
    - 'Y: Front View'
    - 'Z: Top View'
    - 'Z2: Bottom View'
    - 'P: Isometric'
  backplot.multitool-colors:
    default_value: true
qtdesigner:
  ui_file: /home/turboss/Proyectos/sg_cnc/sg_cnc/sg/mainwindow.ui
  qss_file: /home/turboss/Proyectos/sg_cnc/sg_cnc/sg/style.qss


2020-10-12 08:27:52,144 - qtpyvcp.utilities.info - INFO - The machine has 3 axes and 3 joints
2020-10-12 08:27:52,144 - qtpyvcp.utilities.info - INFO - The Axis/Joint mapping is:
2020-10-12 08:27:52,144 - qtpyvcp.utilities.info - INFO - Axis X --> Joint 0
2020-10-12 08:27:52,144 - qtpyvcp.utilities.info - INFO - Axis Y --> Joint 1
2020-10-12 08:27:52,145 - qtpyvcp.utilities.info - INFO - Axis Z --> Joint 2
2020-10-12 08:27:52,145 - qtpyvcp.app.launcher - DEBUG - Time: 0.000 (+0.000) - in script
2020-10-12 08:27:52,146 - qtpyvcp.app.launcher - DEBUG - Loading data plugings
2020-10-12 08:27:52,146 - qtpyvcp.plugins - DEBUG - Loading plugin 'status' from 'qtpyvcp.plugins.status:Status'
2020-10-12 08:27:52,165 - qtpyvcp.plugins - DEBUG - Loading plugin 'persistent_data_manager' from 'qtpyvcp.plugins.persistent_data_manager:PersistentDataManager'
2020-10-12 08:27:52,166 - qtpyvcp.plugins - DEBUG - Loading plugin 'settings' from 'qtpyvcp.plugins.settings:Settings'
2020-10-12 08:27:52,167 - qtpyvcp.plugins - DEBUG - Loading plugin 'position' from 'qtpyvcp.plugins.positions:Position'
2020-10-12 08:27:52,169 - qtpyvcp.plugins - DEBUG - Loading plugin 'tooltable' from 'qtpyvcp.plugins.tool_table:ToolTable'
2020-10-12 08:27:52,175 - qtpyvcp.plugins - DEBUG - Loading plugin 'offsettable' from 'qtpyvcp.plugins.offset_table:OffsetTable'
2020-10-12 08:27:52,178 - qtpyvcp.plugins - DEBUG - Loading plugin 'notifications' from 'qtpyvcp.plugins.notifications:Notifications'
2020-10-12 08:27:52,206 - qtpyvcp.plugins - DEBUG - Loading plugin 'file_locations' from 'qtpyvcp.plugins.file_locations:FileLocations'
2020-10-12 08:27:52,315 - qtpyvcp.plugins - DEBUG - Loading plugin 'virtual_input' from 'qtpyvcp.plugins.virtual_input_manager:VirtualInputManager'
2020-10-12 08:27:52,316 - qtpyvcp.app.launcher - DEBUG - Time: 0.171 (+0.171) - done loading data plugins
2020-10-12 08:27:52,317 - qtpyvcp.app.launcher - DEBUG - Initializing app
2020-10-12 08:27:52,478 - qtpyvcp.plugins - DEBUG - Initializing 'status' plugin
2020-10-12 08:27:52,479 - qtpyvcp.plugins.status - DEBUG - Starting periodic updates with 50ms cycle time
2020-10-12 08:27:52,480 - qtpyvcp.plugins - DEBUG - Initializing 'persistent_data_manager' plugin
2020-10-12 08:27:52,481 - qtpyvcp.plugins - DEBUG - Initializing 'settings' plugin
2020-10-12 08:27:52,482 - qtpyvcp.plugins - DEBUG - Initializing 'position' plugin
2020-10-12 08:27:52,482 - qtpyvcp.plugins - DEBUG - Initializing 'tooltable' plugin
2020-10-12 08:27:52,482 - qtpyvcp.plugins - DEBUG - Initializing 'offsettable' plugin
2020-10-12 08:27:52,483 - qtpyvcp.plugins - DEBUG - Initializing 'notifications' plugin
2020-10-12 08:27:52,486 - qtpyvcp.plugins - DEBUG - Initializing 'file_locations' plugin
2020-10-12 08:27:52,517 - qtpyvcp.plugins - DEBUG - Initializing 'virtual_input' plugin
2020-10-12 08:27:52,613 - qtpyvcp - INFO - Loading global stylesheet: /home/turboss/Proyectos/sg_cnc/sg_cnc/sg/style.qss
2020-10-12 08:27:52,627 - qtpyvcp - DEBUG - Loading custom font: /home/turboss/Proyectos/sg_cnc/sg_cnc/sg/../common/fonts/unicode.impact.ttf
2020-10-12 08:27:52,640 - qtpyvcp - DEBUG - Loading custom font: /home/turboss/Proyectos/sg_cnc/sg_cnc/sg/../common/fonts/mytype.ttf
2020-10-12 08:27:52,641 - qtpyvcp - DEBUG - Loading custom font: /home/turboss/Proyectos/sg_cnc/sg_cnc/sg/../common/fonts/Impacted.ttf
2020-10-12 08:27:52,643 - qtpyvcp - DEBUG - Loading custom font: /home/turboss/Proyectos/sg_cnc/sg_cnc/sg/../common/fonts/ttf/DSEG_v0.4.6/DSEG7-Classic/DSEG7Classic-Light.ttf
2020-10-12 08:27:52,644 - qtpyvcp - DEBUG - Loading custom font: /home/turboss/Proyectos/sg_cnc/sg_cnc/sg/../common/fonts/ttf/DSEG_v0.4.6/DSEG7-Classic/DSEG7Classic-LightItalic.ttf
2020-10-12 08:27:52,644 - qtpyvcp - DEBUG - Loading custom font: /home/turboss/Proyectos/sg_cnc/sg_cnc/sg/../common/fonts/ttf/DSEG_v0.4.6/DSEG7-Classic/DSEG7Classic-BoldItalic.ttf
2020-10-12 08:27:52,645 - qtpyvcp - DEBUG - Loading custom font: /home/turboss/Proyectos/sg_cnc/sg_cnc/sg/../common/fonts/ttf/DSEG_v0.4.6/DSEG7-Classic/DSEG7Classic-Regular.ttf
2020-10-12 08:27:52,646 - qtpyvcp - DEBUG - Loading custom font: /home/turboss/Proyectos/sg_cnc/sg_cnc/sg/../common/fonts/ttf/DSEG_v0.4.6/DSEG7-Classic/DSEG7Classic-Bold.ttf
2020-10-12 08:27:52,646 - qtpyvcp - DEBUG - Loading custom font: /home/turboss/Proyectos/sg_cnc/sg_cnc/sg/../common/fonts/ttf/DSEG_v0.4.6/DSEG7-Classic/DSEG7Classic-Italic.ttf
2020-10-12 08:27:52,647 - qtpyvcp - DEBUG - Loading custom font: /home/turboss/Proyectos/sg_cnc/sg_cnc/sg/../common/fonts/ttf/Montserrat-7.210/MontserratAlternates-Italic.ttf
2020-10-12 08:27:52,648 - qtpyvcp - DEBUG - Loading custom font: /home/turboss/Proyectos/sg_cnc/sg_cnc/sg/../common/fonts/ttf/Montserrat-7.210/Montserrat-Medium.ttf
2020-10-12 08:27:52,649 - qtpyvcp - DEBUG - Loading custom font: /home/turboss/Proyectos/sg_cnc/sg_cnc/sg/../common/fonts/ttf/Montserrat-7.210/MontserratAlternates-ExtraBold.ttf
2020-10-12 08:27:52,650 - qtpyvcp - DEBUG - Loading custom font: /home/turboss/Proyectos/sg_cnc/sg_cnc/sg/../common/fonts/ttf/Montserrat-7.210/MontserratAlternates-Light.ttf
2020-10-12 08:27:52,651 - qtpyvcp - DEBUG - Loading custom font: /home/turboss/Proyectos/sg_cnc/sg_cnc/sg/../common/fonts/ttf/Montserrat-7.210/MontserratAlternates-ThinItalic.ttf
2020-10-12 08:27:52,651 - qtpyvcp - DEBUG - Loading custom font: /home/turboss/Proyectos/sg_cnc/sg_cnc/sg/../common/fonts/ttf/Montserrat-7.210/Montserrat-ExtraBoldItalic.ttf
2020-10-12 08:27:52,652 - qtpyvcp - DEBUG - Loading custom font: /home/turboss/Proyectos/sg_cnc/sg_cnc/sg/../common/fonts/ttf/Montserrat-7.210/Montserrat-ExtraLight.ttf
2020-10-12 08:27:52,653 - qtpyvcp - DEBUG - Loading custom font: /home/turboss/Proyectos/sg_cnc/sg_cnc/sg/../common/fonts/ttf/Montserrat-7.210/MontserratAlternates-MediumItalic.ttf
2020-10-12 08:27:52,654 - qtpyvcp - DEBUG - Loading custom font: /home/turboss/Proyectos/sg_cnc/sg_cnc/sg/../common/fonts/ttf/Montserrat-7.210/Montserrat-MediumItalic.ttf
2020-10-12 08:27:52,655 - qtpyvcp - DEBUG - Loading custom font: /home/turboss/Proyectos/sg_cnc/sg_cnc/sg/../common/fonts/ttf/Montserrat-7.210/MontserratAlternates-SemiBold.ttf
2020-10-12 08:27:52,656 - qtpyvcp - DEBUG - Loading custom font: /home/turboss/Proyectos/sg_cnc/sg_cnc/sg/../common/fonts/ttf/Montserrat-7.210/Montserrat-Thin.ttf
2020-10-12 08:27:52,657 - qtpyvcp - DEBUG - Loading custom font: /home/turboss/Proyectos/sg_cnc/sg_cnc/sg/../common/fonts/ttf/Montserrat-7.210/MontserratAlternates-ExtraLightItalic.ttf
2020-10-12 08:27:52,658 - qtpyvcp - DEBUG - Loading custom font: /home/turboss/Proyectos/sg_cnc/sg_cnc/sg/../common/fonts/ttf/Montserrat-7.210/Montserrat-ExtraLightItalic.ttf
2020-10-12 08:27:52,659 - qtpyvcp - DEBUG - Loading custom font: /home/turboss/Proyectos/sg_cnc/sg_cnc/sg/../common/fonts/ttf/Montserrat-7.210/Montserrat-Italic.ttf
2020-10-12 08:27:52,659 - qtpyvcp - DEBUG - Loading custom font: /home/turboss/Proyectos/sg_cnc/sg_cnc/sg/../common/fonts/ttf/Montserrat-7.210/MontserratAlternates-SemiBoldItalic.ttf
2020-10-12 08:27:52,660 - qtpyvcp - DEBUG - Loading custom font: /home/turboss/Proyectos/sg_cnc/sg_cnc/sg/../common/fonts/ttf/Montserrat-7.210/MontserratAlternates-ExtraLight.ttf
2020-10-12 08:27:52,661 - qtpyvcp - DEBUG - Loading custom font: /home/turboss/Proyectos/sg_cnc/sg_cnc/sg/../common/fonts/ttf/Montserrat-7.210/MontserratAlternates-ExtraBoldItalic.ttf
2020-10-12 08:27:52,662 - qtpyvcp - DEBUG - Loading custom font: /home/turboss/Proyectos/sg_cnc/sg_cnc/sg/../common/fonts/ttf/Montserrat-7.210/Montserrat-BlackItalic.ttf
2020-10-12 08:27:52,663 - qtpyvcp - DEBUG - Loading custom font: /home/turboss/Proyectos/sg_cnc/sg_cnc/sg/../common/fonts/ttf/Montserrat-7.210/MontserratAlternates-Medium.ttf
2020-10-12 08:27:52,663 - qtpyvcp - DEBUG - Loading custom font: /home/turboss/Proyectos/sg_cnc/sg_cnc/sg/../common/fonts/ttf/Montserrat-7.210/Montserrat-Light.ttf
2020-10-12 08:27:52,664 - qtpyvcp - DEBUG - Loading custom font: /home/turboss/Proyectos/sg_cnc/sg_cnc/sg/../common/fonts/ttf/Montserrat-7.210/Montserrat-Regular.ttf
2020-10-12 08:27:52,665 - qtpyvcp - DEBUG - Loading custom font: /home/turboss/Proyectos/sg_cnc/sg_cnc/sg/../common/fonts/ttf/Montserrat-7.210/MontserratAlternates-LightItalic.ttf
2020-10-12 08:27:52,666 - qtpyvcp - DEBUG - Loading custom font: /home/turboss/Proyectos/sg_cnc/sg_cnc/sg/../common/fonts/ttf/Montserrat-7.210/MontserratAlternates-BlackItalic.ttf
2020-10-12 08:27:52,666 - qtpyvcp - DEBUG - Loading custom font: /home/turboss/Proyectos/sg_cnc/sg_cnc/sg/../common/fonts/ttf/Montserrat-7.210/MontserratAlternates-BoldItalic.ttf
2020-10-12 08:27:52,667 - qtpyvcp - DEBUG - Loading custom font: /home/turboss/Proyectos/sg_cnc/sg_cnc/sg/../common/fonts/ttf/Montserrat-7.210/Montserrat-SemiBold.ttf
2020-10-12 08:27:52,668 - qtpyvcp - DEBUG - Loading custom font: /home/turboss/Proyectos/sg_cnc/sg_cnc/sg/../common/fonts/ttf/Montserrat-7.210/Montserrat-Black.ttf
2020-10-12 08:27:52,669 - qtpyvcp - DEBUG - Loading custom font: /home/turboss/Proyectos/sg_cnc/sg_cnc/sg/../common/fonts/ttf/Montserrat-7.210/MontserratAlternates-Regular.ttf
2020-10-12 08:27:52,669 - qtpyvcp - DEBUG - Loading custom font: /home/turboss/Proyectos/sg_cnc/sg_cnc/sg/../common/fonts/ttf/Montserrat-7.210/Montserrat-SemiBoldItalic.ttf
2020-10-12 08:27:52,670 - qtpyvcp - DEBUG - Loading custom font: /home/turboss/Proyectos/sg_cnc/sg_cnc/sg/../common/fonts/ttf/Montserrat-7.210/Montserrat-Bold.ttf
2020-10-12 08:27:52,671 - qtpyvcp - DEBUG - Loading custom font: /home/turboss/Proyectos/sg_cnc/sg_cnc/sg/../common/fonts/ttf/Montserrat-7.210/Montserrat-LightItalic.ttf
2020-10-12 08:27:52,672 - qtpyvcp - DEBUG - Loading custom font: /home/turboss/Proyectos/sg_cnc/sg_cnc/sg/../common/fonts/ttf/Montserrat-7.210/MontserratAlternates-Thin.ttf
2020-10-12 08:27:52,672 - qtpyvcp - DEBUG - Loading custom font: /home/turboss/Proyectos/sg_cnc/sg_cnc/sg/../common/fonts/ttf/Montserrat-7.210/Montserrat-ThinItalic.ttf
2020-10-12 08:27:52,673 - qtpyvcp - DEBUG - Loading custom font: /home/turboss/Proyectos/sg_cnc/sg_cnc/sg/../common/fonts/ttf/Montserrat-7.210/Montserrat-ExtraBold.ttf
2020-10-12 08:27:52,674 - qtpyvcp - DEBUG - Loading custom font: /home/turboss/Proyectos/sg_cnc/sg_cnc/sg/../common/fonts/ttf/Montserrat-7.210/Montserrat-BoldItalic.ttf
2020-10-12 08:27:52,675 - qtpyvcp - DEBUG - Loading custom font: /home/turboss/Proyectos/sg_cnc/sg_cnc/sg/../common/fonts/ttf/Montserrat-7.210/MontserratAlternates-Bold.ttf
2020-10-12 08:27:52,676 - qtpyvcp - DEBUG - Loading custom font: /home/turboss/Proyectos/sg_cnc/sg_cnc/sg/../common/fonts/ttf/Montserrat-7.210/MontserratAlternates-Black.ttf
2020-10-12 08:27:52,677 - qtpyvcp - DEBUG - Loading custom font: /home/turboss/Proyectos/sg_cnc/sg_cnc/sg/../common/fonts/impact.ttf
2020-10-12 08:27:52,678 - qtpyvcp.app.launcher - DEBUG - Time: 0.533 (+0.361) - done initializing app
2020-10-12 08:27:52,678 - qtpyvcp.app.launcher - DEBUG - Loading dialogs
2020-10-12 08:27:53,104 - qtpyvcp.app.launcher - DEBUG - Time: 0.959 (+0.426) - done loading dialogs
2020-10-12 08:27:53,104 - qtpyvcp.app.launcher - DEBUG - Loading windows
2020-10-12 08:27:53,578 - qtpyvcp.widgets.form_widgets.main_window - INFO - Loading QSS stylesheet file: /home/turboss/Proyectos/sg_cnc/sg_cnc/sg/style.qss
2020-10-12 08:27:53,755 - qtpyvcp.app.launcher - DEBUG - Time: 1.610 (+0.651) - done loading windows
2020-10-12 08:27:53,755 - qtpyvcp.app.launcher - DEBUG - Initializing widgets
2020-10-12 08:27:53,758 - qtpyvcp.hal - DEBUG - Using existing HAL component: qtpyvcp
2020-10-12 08:27:53,759 - qtpyvcp.hal.hal_qlib - DEBUG - Adding HAL pin: qtpyvcp.table.enable (bit in)
2020-10-12 08:27:53,759 - qtpyvcp.hal.hal_qlib - DEBUG - Adding HAL pin: qtpyvcp.table.out (bit out)
2020-10-12 08:27:53,760 - qtpyvcp.hal.hal_qlib - DEBUG - Adding HAL pin: qtpyvcp.table.io (bit io)
2020-10-12 08:27:53,760 - qtpyvcp.hal.hal_qlib - DEBUG - Adding HAL pin: qtpyvcp.table.checked (bit out)
2020-10-12 08:27:53,761 - qtpyvcp.hal - DEBUG - Using existing HAL component: qtpyvcp
2020-10-12 08:27:53,761 - qtpyvcp.hal.hal_qlib - DEBUG - Adding HAL pin: qtpyvcp.start.enable (bit in)
2020-10-12 08:27:53,762 - qtpyvcp.hal.hal_qlib - DEBUG - Adding HAL pin: qtpyvcp.start.out (bit out)
2020-10-12 08:27:53,762 - qtpyvcp.hal.hal_qlib - DEBUG - Adding HAL pin: qtpyvcp.start.io (bit io)
2020-10-12 08:27:53,764 - qtpyvcp.hal - DEBUG - Using existing HAL component: qtpyvcp
2020-10-12 08:27:53,765 - qtpyvcp.hal.hal_qlib - DEBUG - Adding HAL pin: qtpyvcp.direction_led.on (bit in)
2020-10-12 08:27:53,765 - qtpyvcp.hal.hal_qlib - DEBUG - Adding HAL pin: qtpyvcp.direction_led.flash (bit in)
2020-10-12 08:27:53,766 - qtpyvcp.hal.hal_qlib - DEBUG - Adding HAL pin: qtpyvcp.direction_led.flash-rate (u32 in)
2020-10-12 08:27:53,767 - qtpyvcp.app.launcher - DEBUG - Time: 1.622 (+0.013) - done initializing widgets
2020-10-12 08:27:53,768 - qtpyvcp.app.launcher - INFO - Loading POSTGUI_HALFILE: /home/turboss/Proyectos/sg_cnc/linuxcnc/sim.sg_cnc/hallib/postgui.hal
2020-10-12 08:28:05,735 - qtpyvcp - DEBUG - Terminating widgets
2020-10-12 08:28:05,740 - qtpyvcp.plugins - DEBUG - Terminating 'virtual_input' plugin
2020-10-12 08:28:05,741 - qtpyvcp.plugins - DEBUG - Terminating 'file_locations' plugin
2020-10-12 08:28:05,741 - qtpyvcp.plugins - DEBUG - Terminating 'notifications' plugin
2020-10-12 08:28:05,741 - qtpyvcp.plugins - DEBUG - Terminating 'offsettable' plugin
2020-10-12 08:28:05,741 - qtpyvcp.plugins - DEBUG - Terminating 'tooltable' plugin
2020-10-12 08:28:05,742 - qtpyvcp.plugins - DEBUG - Terminating 'position' plugin
2020-10-12 08:28:05,742 - qtpyvcp.plugins - DEBUG - Terminating 'settings' plugin
2020-10-12 08:28:05,742 - qtpyvcp.plugins - DEBUG - Terminating 'persistent_data_manager' plugin
2020-10-12 08:28:05,743 - qtpyvcp.plugins.persistent_data_manager - DEBUG - Writing persistent data to file: /home/turboss/Proyectos/sg_cnc/linuxcnc/sim.sg_cnc/.vcp_persistent_data.pickle
2020-10-12 08:28:05,745 - qtpyvcp.plugins - DEBUG - Terminating 'status' plugin
